2018-09-16 20:48:36 下午 [Thread: main][ Class:com.alibaba.dubbo.remoting.zookeeper.zkclient.ZkClientWrapper >> Method: com.alibaba.dubbo.remoting.zookeeper.zkclient.ZkClientWrapper.start(ZkClientWrapper.java:69) ]
ERROR: [DUBBO] Timeout! zookeeper server can not be connected in : 30000ms!, dubbo version: 2.0.1, current host: 192.168.1.103
java.util.concurrent.TimeoutException
	at java.util.concurrent.FutureTask.get(FutureTask.java:205)
	at com.alibaba.dubbo.remoting.zookeeper.zkclient.ZkClientWrapper.start(ZkClientWrapper.java:67)
	at com.alibaba.dubbo.remoting.zookeeper.zkclient.ZkclientZookeeperClient.<init>(ZkclientZookeeperClient.java:55)
	at com.alibaba.dubbo.remoting.zookeeper.zkclient.ZkclientZookeeperTransporter.connect(ZkclientZookeeperTransporter.java:26)
	at com.alibaba.dubbo.remoting.zookeeper.ZookeeperTransporter$Adaptive.connect(ZookeeperTransporter$Adaptive.java)
	at com.alibaba.dubbo.registry.zookeeper.ZookeeperRegistry.<init>(ZookeeperRegistry.java:69)
	at com.alibaba.dubbo.registry.zookeeper.ZookeeperRegistryFactory.createRegistry(ZookeeperRegistryFactory.java:37)
	at com.alibaba.dubbo.registry.support.AbstractRegistryFactory.getRegistry(AbstractRegistryFactory.java:95)
	at com.alibaba.dubbo.registry.RegistryFactory$Adaptive.getRegistry(RegistryFactory$Adaptive.java)
	at com.alibaba.dubbo.registry.integration.RegistryProtocol.getRegistry(RegistryProtocol.java:200)
	at com.alibaba.dubbo.registry.integration.RegistryProtocol.export(RegistryProtocol.java:134)
	at com.alibaba.dubbo.qos.protocol.QosProtocolWrapper.export(QosProtocolWrapper.java:54)
	at com.alibaba.dubbo.rpc.protocol.ProtocolListenerWrapper.export(ProtocolListenerWrapper.java:54)
	at com.alibaba.dubbo.rpc.protocol.ProtocolFilterWrapper.export(ProtocolFilterWrapper.java:91)
	at com.alibaba.dubbo.rpc.Protocol$Adaptive.export(Protocol$Adaptive.java)
	at com.alibaba.dubbo.config.ServiceConfig.doExportUrlsFor1Protocol(ServiceConfig.java:504)
	at com.alibaba.dubbo.config.ServiceConfig.doExportUrls(ServiceConfig.java:356)
	at com.alibaba.dubbo.config.ServiceConfig.doExport(ServiceConfig.java:315)
	at com.alibaba.dubbo.config.ServiceConfig.export(ServiceConfig.java:214)
	at com.alibaba.dubbo.config.spring.ServiceBean.onApplicationEvent(ServiceBean.java:120)
	at com.alibaba.dubbo.config.spring.ServiceBean.onApplicationEvent(ServiceBean.java:49)
	at org.springframework.context.event.SimpleApplicationEventMulticaster.doInvokeListener(SimpleApplicationEventMulticaster.java:172)
	at org.springframework.context.event.SimpleApplicationEventMulticaster.invokeListener(SimpleApplicationEventMulticaster.java:165)
	at org.springframework.context.event.SimpleApplicationEventMulticaster.multicastEvent(SimpleApplicationEventMulticaster.java:139)
	at org.springframework.context.support.AbstractApplicationContext.publishEvent(AbstractApplicationContext.java:400)
	at org.springframework.context.support.AbstractApplicationContext.publishEvent(AbstractApplicationContext.java:354)
	at org.springframework.context.support.AbstractApplicationContext.finishRefresh(AbstractApplicationContext.java:888)
	at org.springframework.context.support.AbstractApplicationContext.refresh(AbstractApplicationContext.java:553)
	at org.springframework.context.support.ClassPathXmlApplicationContext.<init>(ClassPathXmlApplicationContext.java:144)
	at org.springframework.context.support.ClassPathXmlApplicationContext.<init>(ClassPathXmlApplicationContext.java:85)
	at listeningrain.cn.blog.Bootstrap.main(Bootstrap.java:17)
2018-09-16 20:50:03 下午 [Thread: main][ Class:com.alibaba.dubbo.remoting.zookeeper.zkclient.ZkClientWrapper >> Method: com.alibaba.dubbo.remoting.zookeeper.zkclient.ZkClientWrapper.start(ZkClientWrapper.java:69) ]
ERROR: [DUBBO] Timeout! zookeeper server can not be connected in : 30000ms!, dubbo version: 2.0.1, current host: 192.168.1.103
java.util.concurrent.TimeoutException
	at java.util.concurrent.FutureTask.get(FutureTask.java:205)
	at com.alibaba.dubbo.remoting.zookeeper.zkclient.ZkClientWrapper.start(ZkClientWrapper.java:67)
	at com.alibaba.dubbo.remoting.zookeeper.zkclient.ZkclientZookeeperClient.<init>(ZkclientZookeeperClient.java:55)
	at com.alibaba.dubbo.remoting.zookeeper.zkclient.ZkclientZookeeperTransporter.connect(ZkclientZookeeperTransporter.java:26)
	at com.alibaba.dubbo.remoting.zookeeper.ZookeeperTransporter$Adaptive.connect(ZookeeperTransporter$Adaptive.java)
	at com.alibaba.dubbo.registry.zookeeper.ZookeeperRegistry.<init>(ZookeeperRegistry.java:69)
	at com.alibaba.dubbo.registry.zookeeper.ZookeeperRegistryFactory.createRegistry(ZookeeperRegistryFactory.java:37)
	at com.alibaba.dubbo.registry.support.AbstractRegistryFactory.getRegistry(AbstractRegistryFactory.java:95)
	at com.alibaba.dubbo.registry.RegistryFactory$Adaptive.getRegistry(RegistryFactory$Adaptive.java)
	at com.alibaba.dubbo.registry.integration.RegistryProtocol.getRegistry(RegistryProtocol.java:200)
	at com.alibaba.dubbo.registry.integration.RegistryProtocol.export(RegistryProtocol.java:134)
	at com.alibaba.dubbo.rpc.protocol.ProtocolFilterWrapper.export(ProtocolFilterWrapper.java:91)
	at com.alibaba.dubbo.rpc.protocol.ProtocolListenerWrapper.export(ProtocolListenerWrapper.java:54)
	at com.alibaba.dubbo.qos.protocol.QosProtocolWrapper.export(QosProtocolWrapper.java:54)
	at com.alibaba.dubbo.rpc.Protocol$Adaptive.export(Protocol$Adaptive.java)
	at com.alibaba.dubbo.config.ServiceConfig.doExportUrlsFor1Protocol(ServiceConfig.java:504)
	at com.alibaba.dubbo.config.ServiceConfig.doExportUrls(ServiceConfig.java:356)
	at com.alibaba.dubbo.config.ServiceConfig.doExport(ServiceConfig.java:315)
	at com.alibaba.dubbo.config.ServiceConfig.export(ServiceConfig.java:214)
	at com.alibaba.dubbo.config.spring.ServiceBean.onApplicationEvent(ServiceBean.java:120)
	at com.alibaba.dubbo.config.spring.ServiceBean.onApplicationEvent(ServiceBean.java:49)
	at org.springframework.context.event.SimpleApplicationEventMulticaster.doInvokeListener(SimpleApplicationEventMulticaster.java:172)
	at org.springframework.context.event.SimpleApplicationEventMulticaster.invokeListener(SimpleApplicationEventMulticaster.java:165)
	at org.springframework.context.event.SimpleApplicationEventMulticaster.multicastEvent(SimpleApplicationEventMulticaster.java:139)
	at org.springframework.context.support.AbstractApplicationContext.publishEvent(AbstractApplicationContext.java:400)
	at org.springframework.context.support.AbstractApplicationContext.publishEvent(AbstractApplicationContext.java:354)
	at org.springframework.context.support.AbstractApplicationContext.finishRefresh(AbstractApplicationContext.java:888)
	at org.springframework.context.support.AbstractApplicationContext.refresh(AbstractApplicationContext.java:553)
	at org.springframework.context.support.ClassPathXmlApplicationContext.<init>(ClassPathXmlApplicationContext.java:144)
	at org.springframework.context.support.ClassPathXmlApplicationContext.<init>(ClassPathXmlApplicationContext.java:85)
	at listeningrain.cn.blog.Bootstrap.main(Bootstrap.java:17)
2018-09-16 20:51:56 下午 [Thread: main][ Class:com.alibaba.dubbo.remoting.zookeeper.zkclient.ZkClientWrapper >> Method: com.alibaba.dubbo.remoting.zookeeper.zkclient.ZkClientWrapper.start(ZkClientWrapper.java:69) ]
ERROR: [DUBBO] Timeout! zookeeper server can not be connected in : 30000ms!, dubbo version: 2.0.1, current host: 192.168.1.103
java.util.concurrent.TimeoutException
	at java.util.concurrent.FutureTask.get(FutureTask.java:205)
	at com.alibaba.dubbo.remoting.zookeeper.zkclient.ZkClientWrapper.start(ZkClientWrapper.java:67)
	at com.alibaba.dubbo.remoting.zookeeper.zkclient.ZkclientZookeeperClient.<init>(ZkclientZookeeperClient.java:55)
	at com.alibaba.dubbo.remoting.zookeeper.zkclient.ZkclientZookeeperTransporter.connect(ZkclientZookeeperTransporter.java:26)
	at com.alibaba.dubbo.remoting.zookeeper.ZookeeperTransporter$Adaptive.connect(ZookeeperTransporter$Adaptive.java)
	at com.alibaba.dubbo.registry.zookeeper.ZookeeperRegistry.<init>(ZookeeperRegistry.java:69)
	at com.alibaba.dubbo.registry.zookeeper.ZookeeperRegistryFactory.createRegistry(ZookeeperRegistryFactory.java:37)
	at com.alibaba.dubbo.registry.support.AbstractRegistryFactory.getRegistry(AbstractRegistryFactory.java:95)
	at com.alibaba.dubbo.registry.RegistryFactory$Adaptive.getRegistry(RegistryFactory$Adaptive.java)
	at com.alibaba.dubbo.registry.integration.RegistryProtocol.getRegistry(RegistryProtocol.java:200)
	at com.alibaba.dubbo.registry.integration.RegistryProtocol.export(RegistryProtocol.java:134)
	at com.alibaba.dubbo.rpc.protocol.ProtocolListenerWrapper.export(ProtocolListenerWrapper.java:54)
	at com.alibaba.dubbo.qos.protocol.QosProtocolWrapper.export(QosProtocolWrapper.java:54)
	at com.alibaba.dubbo.rpc.protocol.ProtocolFilterWrapper.export(ProtocolFilterWrapper.java:91)
	at com.alibaba.dubbo.rpc.Protocol$Adaptive.export(Protocol$Adaptive.java)
	at com.alibaba.dubbo.config.ServiceConfig.doExportUrlsFor1Protocol(ServiceConfig.java:504)
	at com.alibaba.dubbo.config.ServiceConfig.doExportUrls(ServiceConfig.java:356)
	at com.alibaba.dubbo.config.ServiceConfig.doExport(ServiceConfig.java:315)
	at com.alibaba.dubbo.config.ServiceConfig.export(ServiceConfig.java:214)
	at com.alibaba.dubbo.config.spring.ServiceBean.onApplicationEvent(ServiceBean.java:120)
	at com.alibaba.dubbo.config.spring.ServiceBean.onApplicationEvent(ServiceBean.java:49)
	at org.springframework.context.event.SimpleApplicationEventMulticaster.doInvokeListener(SimpleApplicationEventMulticaster.java:172)
	at org.springframework.context.event.SimpleApplicationEventMulticaster.invokeListener(SimpleApplicationEventMulticaster.java:165)
	at org.springframework.context.event.SimpleApplicationEventMulticaster.multicastEvent(SimpleApplicationEventMulticaster.java:139)
	at org.springframework.context.support.AbstractApplicationContext.publishEvent(AbstractApplicationContext.java:400)
	at org.springframework.context.support.AbstractApplicationContext.publishEvent(AbstractApplicationContext.java:354)
	at org.springframework.context.support.AbstractApplicationContext.finishRefresh(AbstractApplicationContext.java:888)
	at org.springframework.context.support.AbstractApplicationContext.refresh(AbstractApplicationContext.java:553)
	at org.springframework.context.support.ClassPathXmlApplicationContext.<init>(ClassPathXmlApplicationContext.java:144)
	at org.springframework.context.support.ClassPathXmlApplicationContext.<init>(ClassPathXmlApplicationContext.java:85)
	at listeningrain.cn.blog.Bootstrap.main(Bootstrap.java:17)
2018-09-16 20:53:35 下午 [Thread: main][ Class:com.alibaba.dubbo.remoting.zookeeper.zkclient.ZkClientWrapper >> Method: com.alibaba.dubbo.remoting.zookeeper.zkclient.ZkClientWrapper.start(ZkClientWrapper.java:69) ]
ERROR: [DUBBO] Timeout! zookeeper server can not be connected in : 30000ms!, dubbo version: 2.0.1, current host: 192.168.1.103
java.util.concurrent.TimeoutException
	at java.util.concurrent.FutureTask.get(FutureTask.java:205)
	at com.alibaba.dubbo.remoting.zookeeper.zkclient.ZkClientWrapper.start(ZkClientWrapper.java:67)
	at com.alibaba.dubbo.remoting.zookeeper.zkclient.ZkclientZookeeperClient.<init>(ZkclientZookeeperClient.java:55)
	at com.alibaba.dubbo.remoting.zookeeper.zkclient.ZkclientZookeeperTransporter.connect(ZkclientZookeeperTransporter.java:26)
	at com.alibaba.dubbo.remoting.zookeeper.ZookeeperTransporter$Adaptive.connect(ZookeeperTransporter$Adaptive.java)
	at com.alibaba.dubbo.registry.zookeeper.ZookeeperRegistry.<init>(ZookeeperRegistry.java:69)
	at com.alibaba.dubbo.registry.zookeeper.ZookeeperRegistryFactory.createRegistry(ZookeeperRegistryFactory.java:37)
	at com.alibaba.dubbo.registry.support.AbstractRegistryFactory.getRegistry(AbstractRegistryFactory.java:95)
	at com.alibaba.dubbo.registry.RegistryFactory$Adaptive.getRegistry(RegistryFactory$Adaptive.java)
	at com.alibaba.dubbo.registry.integration.RegistryProtocol.getRegistry(RegistryProtocol.java:200)
	at com.alibaba.dubbo.registry.integration.RegistryProtocol.export(RegistryProtocol.java:134)
	at com.alibaba.dubbo.qos.protocol.QosProtocolWrapper.export(QosProtocolWrapper.java:54)
	at com.alibaba.dubbo.rpc.protocol.ProtocolListenerWrapper.export(ProtocolListenerWrapper.java:54)
	at com.alibaba.dubbo.rpc.protocol.ProtocolFilterWrapper.export(ProtocolFilterWrapper.java:91)
	at com.alibaba.dubbo.rpc.Protocol$Adaptive.export(Protocol$Adaptive.java)
	at com.alibaba.dubbo.config.ServiceConfig.doExportUrlsFor1Protocol(ServiceConfig.java:504)
	at com.alibaba.dubbo.config.ServiceConfig.doExportUrls(ServiceConfig.java:356)
	at com.alibaba.dubbo.config.ServiceConfig.doExport(ServiceConfig.java:315)
	at com.alibaba.dubbo.config.ServiceConfig.export(ServiceConfig.java:214)
	at com.alibaba.dubbo.config.spring.ServiceBean.onApplicationEvent(ServiceBean.java:120)
	at com.alibaba.dubbo.config.spring.ServiceBean.onApplicationEvent(ServiceBean.java:49)
	at org.springframework.context.event.SimpleApplicationEventMulticaster.doInvokeListener(SimpleApplicationEventMulticaster.java:172)
	at org.springframework.context.event.SimpleApplicationEventMulticaster.invokeListener(SimpleApplicationEventMulticaster.java:165)
	at org.springframework.context.event.SimpleApplicationEventMulticaster.multicastEvent(SimpleApplicationEventMulticaster.java:139)
	at org.springframework.context.support.AbstractApplicationContext.publishEvent(AbstractApplicationContext.java:400)
	at org.springframework.context.support.AbstractApplicationContext.publishEvent(AbstractApplicationContext.java:354)
	at org.springframework.context.support.AbstractApplicationContext.finishRefresh(AbstractApplicationContext.java:888)
	at org.springframework.context.support.AbstractApplicationContext.refresh(AbstractApplicationContext.java:553)
	at org.springframework.context.support.ClassPathXmlApplicationContext.<init>(ClassPathXmlApplicationContext.java:144)
	at org.springframework.context.support.ClassPathXmlApplicationContext.<init>(ClassPathXmlApplicationContext.java:85)
	at listeningrain.cn.blog.Bootstrap.main(Bootstrap.java:17)
